<?xml version="1.0" encoding="UTF-8"?>
<!-- Generated by org.testng.reporters.JUnitXMLReporter -->
<testsuite hostname="DESKTOP-VUOFTC8" ignored="0" tests="2" failures="1" timestamp="2019-10-22T14:42:15 EEST" time="11.65" errors="0">
  <testcase name="mouseOverTest" time="6.571" classname="MainTest"/>
  <testcase name="mouseOverTest" time="6.634" classname="MainTest">
    <failure type="io.qameta.allure.AllureResultsWriteException" message="Could not write Allure test result">
      <![CDATA[io.qameta.allure.AllureResultsWriteException: Could not write Allure test result
at io.qameta.allure.FileSystemResultsWriter.write(FileSystemResultsWriter.java:43)
at io.qameta.allure.AllureLifecycle.lambda$writeTestCase$12(AllureLifecycle.java:197)
at java.util.Optional.ifPresent(Optional.java:159)
at io.qameta.allure.AllureLifecycle.writeTestCase(AllureLifecycle.java:195)
at io.qameta.allure.testng.AllureTestNg.onTestSuccess(AllureTestNg.java:250)
at java.util.ArrayList.forEach(ArrayList.java:1257)
Caused by: java.nio.file.AccessDeniedException: C:\Program Files (x86)\Jenkins\workspace\vgh\allure-results\10d814c5-1198-433d-b75b-785189b054df-result.json
at sun.nio.fs.WindowsException.translateToIOException(WindowsException.java:83)
at sun.nio.fs.WindowsException.rethrowAsIOException(WindowsException.java:97)
at sun.nio.fs.WindowsException.rethrowAsIOException(WindowsException.java:102)
at sun.nio.fs.WindowsFileSystemProvider.newByteChannel(WindowsFileSystemProvider.java:230)
at java.nio.file.spi.FileSystemProvider.newOutputStream(FileSystemProvider.java:434)
at java.nio.file.Files.newOutputStream(Files.java:216)
at io.qameta.allure.FileSystemResultsWriter.write(FileSystemResultsWriter.java:40)
... 34 more
... Removed 29 stack frames]]>
    </failure>
  </testcase> <!-- mouseOverTest -->
</testsuite>
